<?xml version="1.0" encoding="UTF-8"?>
<testsuite name="com.uzabase.corporateproduct.lesson.demo.controller.UserControllerTest" tests="1" skipped="0" failures="0" errors="0" timestamp="2025-02-17T00:41:11" hostname="CKGP23XYCC" time="0.624">
  <properties/>
  <testcase name="/users/searchのoffsetは0以上でなければエラー" classname="com.uzabase.corporateproduct.lesson.demo.controller.UserControllerTest" time="0.624"/>
  <system-out><![CDATA[09:41:10.376 [Test worker] INFO org.springframework.test.context.support.AnnotationConfigContextLoaderUtils -- Could not detect default configuration classes for test class [com.uzabase.corporateproduct.lesson.demo.controller.UserControllerTest]: UserControllerTest does not declare any static, non-private, non-final, nested classes annotated with @Configuration.
09:41:10.459 [Test worker] INFO org.springframework.boot.test.context.SpringBootTestContextBootstrapper -- Found @SpringBootConfiguration com.uzabase.corporateproduct.lesson.demo.DemoApplication for test class com.uzabase.corporateproduct.lesson.demo.controller.UserControllerTest

  .   ____          _            __ _ _
 /\\ / ___'_ __ _ _(_)_ __  __ _ \ \ \ \
( ( )\___ | '_ | '_| | '_ \/ _` | \ \ \ \
 \\/  ___)| |_)| | | | | || (_| |  ) ) ) )
  '  |____| .__|_| |_|_| |_\__, | / / / /
 =========|_|==============|___/=/_/_/_/

 :: Spring Boot ::                (v3.4.2)

2025-02-17T09:41:10.662+09:00  INFO 34783 --- [demo] [    Test worker] c.u.c.l.d.controller.UserControllerTest  : Starting UserControllerTest using Java 21.0.6 with PID 34783 (started by ittetsu.sato in /Users/ittetsu.sato/kotlin-lesson)
2025-02-17T09:41:10.663+09:00 DEBUG 34783 --- [demo] [    Test worker] c.u.c.l.d.controller.UserControllerTest  : Running with Spring Boot v3.4.2, Spring v6.2.2
2025-02-17T09:41:10.663+09:00  INFO 34783 --- [demo] [    Test worker] c.u.c.l.d.controller.UserControllerTest  : No active profile set, falling back to 1 default profile: "default"
2025-02-17T09:41:11.236+09:00  INFO 34783 --- [demo] [    Test worker] o.s.b.t.m.w.SpringBootMockServletContext : Initializing Spring TestDispatcherServlet ''
2025-02-17T09:41:11.236+09:00  INFO 34783 --- [demo] [    Test worker] o.s.t.web.servlet.TestDispatcherServlet  : Initializing Servlet ''
2025-02-17T09:41:11.237+09:00  INFO 34783 --- [demo] [    Test worker] o.s.t.web.servlet.TestDispatcherServlet  : Completed initialization in 1 ms
2025-02-17T09:41:11.255+09:00  INFO 34783 --- [demo] [    Test worker] c.u.c.l.d.controller.UserControllerTest  : Started UserControllerTest in 0.76 seconds (process running for 1.368)
]]></system-out>
  <system-err><![CDATA[Mockito is currently self-attaching to enable the inline-mock-maker. This will no longer work in future releases of the JDK. Please add Mockito as an agent to your build what is described in Mockito's documentation: https://javadoc.io/doc/org.mockito/mockito-core/latest/org/mockito/Mockito.html#0.3
WARNING: A Java agent has been loaded dynamically (/Users/ittetsu.sato/.gradle/caches/modules-2/files-2.1/net.bytebuddy/byte-buddy-agent/1.15.11/a38b16385e867f59a641330f0362ebe742788ed8/byte-buddy-agent-1.15.11.jar)
WARNING: If a serviceability tool is in use, please run with -XX:+EnableDynamicAgentLoading to hide this warning
WARNING: If a serviceability tool is not in use, please run with -Djdk.instrument.traceUsage for more information
WARNING: Dynamic loading of agents will be disallowed by default in a future release
]]></system-err>
</testsuite>
