<?xml version="1.0" encoding="UTF-8"?>
<testsuite name="com.uzabase.corporateproduct.lesson.demo.controller.UserControllerTest" tests="9" skipped="0" failures="0" errors="0" timestamp="2025-02-20T00:40:11" hostname="CKGP23XYCC" time="0.75">
  <properties/>
  <testcase name="正常系（offsetが0, limitが1, wordが適切な文字列）" classname="com.uzabase.corporateproduct.lesson.demo.controller.UserControllerTest" time="0.662"/>
  <testcase name="offsetが-1" classname="com.uzabase.corporateproduct.lesson.demo.controller.UserControllerTest" time="0.053"/>
  <testcase name="limitが0" classname="com.uzabase.corporateproduct.lesson.demo.controller.UserControllerTest" time="0.004"/>
  <testcase name="wordがアスタリスクを含む" classname="com.uzabase.corporateproduct.lesson.demo.controller.UserControllerTest" time="0.003"/>
  <testcase name="wordが30文字" classname="com.uzabase.corporateproduct.lesson.demo.controller.UserControllerTest" time="0.003"/>
  <testcase name="wordが31文字" classname="com.uzabase.corporateproduct.lesson.demo.controller.UserControllerTest" time="0.005"/>
  <testcase name="emailが1024文字" classname="com.uzabase.corporateproduct.lesson.demo.controller.UserControllerTest" time="0.004"/>
  <testcase name="emailが1025文字" classname="com.uzabase.corporateproduct.lesson.demo.controller.UserControllerTest" time="0.003"/>
  <testcase name="wordとemailが両方指定されている" classname="com.uzabase.corporateproduct.lesson.demo.controller.UserControllerTest" time="0.005"/>
  <system-out><![CDATA[09:40:10.321 [Test worker] INFO org.springframework.test.context.support.AnnotationConfigContextLoaderUtils -- Could not detect default configuration classes for test class [com.uzabase.corporateproduct.lesson.demo.controller.UserControllerTest]: UserControllerTest does not declare any static, non-private, non-final, nested classes annotated with @Configuration.
09:40:10.407 [Test worker] INFO org.springframework.boot.test.context.SpringBootTestContextBootstrapper -- Found @SpringBootConfiguration com.uzabase.corporateproduct.lesson.demo.DemoApplication for test class com.uzabase.corporateproduct.lesson.demo.controller.UserControllerTest

  .   ____          _            __ _ _
 /\\ / ___'_ __ _ _(_)_ __  __ _ \ \ \ \
( ( )\___ | '_ | '_| | '_ \/ _` | \ \ \ \
 \\/  ___)| |_)| | | | | || (_| |  ) ) ) )
  '  |____| .__|_| |_|_| |_\__, | / / / /
 =========|_|==============|___/=/_/_/_/

 :: Spring Boot ::                (v3.4.2)

2025-02-20T09:40:10.830+09:00  INFO 86045 --- [demo] [    Test worker] c.u.c.l.d.controller.UserControllerTest  : Starting UserControllerTest using Java 21.0.6 with PID 86045 (started by ittetsu.sato in /Users/ittetsu.sato/kotlin-lesson)
2025-02-20T09:40:10.831+09:00 DEBUG 86045 --- [demo] [    Test worker] c.u.c.l.d.controller.UserControllerTest  : Running with Spring Boot v3.4.2, Spring v6.2.2
2025-02-20T09:40:10.831+09:00  INFO 86045 --- [demo] [    Test worker] c.u.c.l.d.controller.UserControllerTest  : No active profile set, falling back to 1 default profile: "default"
2025-02-20T09:40:11.552+09:00  INFO 86045 --- [demo] [    Test worker] o.s.b.t.m.w.SpringBootMockServletContext : Initializing Spring TestDispatcherServlet ''
2025-02-20T09:40:11.552+09:00  INFO 86045 --- [demo] [    Test worker] o.s.t.web.servlet.TestDispatcherServlet  : Initializing Servlet ''
2025-02-20T09:40:11.553+09:00  INFO 86045 --- [demo] [    Test worker] o.s.t.web.servlet.TestDispatcherServlet  : Completed initialization in 1 ms
2025-02-20T09:40:11.572+09:00  INFO 86045 --- [demo] [    Test worker] c.u.c.l.d.controller.UserControllerTest  : Started UserControllerTest in 1.079 seconds (process running for 1.835)
2025-02-20T09:40:12.051+09:00 DEBUG 86045 --- [demo] [    Test worker] c.u.c.l.d.controller.UserControllerTest  : requestJson: {offset=0, limit=1, word=validWord, email=}
2025-02-20T09:40:12.208+09:00 DEBUG 86045 --- [demo] [    Test worker] c.u.c.l.demo.controller.UserController   : body: SearchRequest(offset=0, limit=1, word=validWord, email=)
2025-02-20T09:40:12.243+09:00 DEBUG 86045 --- [demo] [    Test worker] c.u.c.l.d.controller.UserControllerTest  : requestJson: {offset=-1, limit=1, word=validWord, email=}
2025-02-20T09:40:12.295+09:00 DEBUG 86045 --- [demo] [    Test worker] c.u.c.l.d.controller.UserControllerTest  : requestJson: {offset=0, limit=0, word=validWord, email=}
2025-02-20T09:40:12.300+09:00 DEBUG 86045 --- [demo] [    Test worker] c.u.c.l.d.controller.UserControllerTest  : requestJson: {offset=0, limit=1, word=invalid*word, email=}
2025-02-20T09:40:12.304+09:00 DEBUG 86045 --- [demo] [    Test worker] c.u.c.l.d.controller.UserControllerTest  : requestJson: {offset=0, limit=1, word=, email=}
2025-02-20T09:40:12.309+09:00 DEBUG 86045 --- [demo] [    Test worker] c.u.c.l.d.controller.UserControllerTest  : requestJson: {offset=0, limit=1, word=aaaaaaaaaaaaaaaaaaaaaaaaaaaaaaa, email=}
2025-02-20T09:40:12.314+09:00 DEBUG 86045 --- [demo] [    Test worker] c.u.c.l.d.controller.UserControllerTest  : requestJson: {offset=0, limit=1, word=, email=aaaaaaaaaaaaaaaaaaaaaaaaaaaaaaaaaaaaaaaaaaaaaaaaaaaaaaaaaaaaaaaaaaaaaaaaaaaaaaaaaaaaaaaaaaaaaaaaaaaaaaaaaaaaaaaaaaaaaaaaaaaaaaaaaaaaaaaaaaaaaaaaaaaaaaaaaaaaaaaaaaaaaaaaaaaaaaaaaaaaaaaaaaaaaaaaaaaaaaaaaaaaaaaaaaaaaaaaaaaaaaaaaaaaaaaaaaaaaaaaaaaaaaaaaaaaaaaaaaaaaaaaaaaaaaaaaaaaaaaaaaaaaaaaaaaaaaaaaaaaaaaaaaaaaaaaaaaaaaaaaaaaaaaaaaaaaaaaaaaaaaaaaaaaaaaaaaaaaaaaaaaaaaaaaaaaaaaaaaaaaaaaaaaaaaaaaaaaaaaaaaaaaaaaaaaaaaaaaaaaaaaaaaaaaaaaaaaaaaaaaaaaaaaaaaaaaaaaaaaaaaaaaaaaaaaaaaaaaaaaaaaaaaaaaaaaaaaaaaaaaaaaaaaaaaaaaaaaaaaaaaaaaaaaaaaaaaaaaaaaaaaaaaaaaaaaaaaaaaaaaaaaaaaaaaaaaaaaaaaaaaaaaaaaaaaaaaaaaaaaaaaaaaaaaaaaaaaaaaaaaaaaaaaaaaaaaaaaaaaaaaaaaaaaaaaaaaaaaaaaaaaaaaaaaaaaaaaaaaaaaaaaaaaaaaaaaaaaaaaaaaaaaaaaaaaaaaaaaaaaaaaaaaaaaaaaaaaaaaaaaaaaaaaaaaaaaaaaaaaaaaaaaaaaaaaaaaaaaaaaaaaaaaaaaaaaaaaaaaaaaaaaaaaaaaaaaaaaaaaaaaaaaaaaaaaaaaaaaaaaaaaaaaaaaaaaaaaaaaaaaaaaaaaaaaaaaaaaaaaaaaaaaaaaaaaaaaaaaaaaaaaaaaaaaaaaaaaaaaaaaaaaaaaaaaaaaaaaaaaaaaaaaaaaaaaaaaaaaaaaaaaaaaaaaaaaaaaaaaaaaaaaaaaaaaaaaaaaaaaaaaaaaaaaaaaaaaaaaaaaaaaa}
2025-02-20T09:40:12.315+09:00 DEBUG 86045 --- [demo] [    Test worker] c.u.c.l.demo.controller.UserController   : body: SearchRequest(offset=0, limit=1, word=, email=aaaaaaaaaaaaaaaaaaaaaaaaaaaaaaaaaaaaaaaaaaaaaaaaaaaaaaaaaaaaaaaaaaaaaaaaaaaaaaaaaaaaaaaaaaaaaaaaaaaaaaaaaaaaaaaaaaaaaaaaaaaaaaaaaaaaaaaaaaaaaaaaaaaaaaaaaaaaaaaaaaaaaaaaaaaaaaaaaaaaaaaaaaaaaaaaaaaaaaaaaaaaaaaaaaaaaaaaaaaaaaaaaaaaaaaaaaaaaaaaaaaaaaaaaaaaaaaaaaaaaaaaaaaaaaaaaaaaaaaaaaaaaaaaaaaaaaaaaaaaaaaaaaaaaaaaaaaaaaaaaaaaaaaaaaaaaaaaaaaaaaaaaaaaaaaaaaaaaaaaaaaaaaaaaaaaaaaaaaaaaaaaaaaaaaaaaaaaaaaaaaaaaaaaaaaaaaaaaaaaaaaaaaaaaaaaaaaaaaaaaaaaaaaaaaaaaaaaaaaaaaaaaaaaaaaaaaaaaaaaaaaaaaaaaaaaaaaaaaaaaaaaaaaaaaaaaaaaaaaaaaaaaaaaaaaaaaaaaaaaaaaaaaaaaaaaaaaaaaaaaaaaaaaaaaaaaaaaaaaaaaaaaaaaaaaaaaaaaaaaaaaaaaaaaaaaaaaaaaaaaaaaaaaaaaaaaaaaaaaaaaaaaaaaaaaaaaaaaaaaaaaaaaaaaaaaaaaaaaaaaaaaaaaaaaaaaaaaaaaaaaaaaaaaaaaaaaaaaaaaaaaaaaaaaaaaaaaaaaaaaaaaaaaaaaaaaaaaaaaaaaaaaaaaaaaaaaaaaaaaaaaaaaaaaaaaaaaaaaaaaaaaaaaaaaaaaaaaaaaaaaaaaaaaaaaaaaaaaaaaaaaaaaaaaaaaaaaaaaaaaaaaaaaaaaaaaaaaaaaaaaaaaaaaaaaaaaaaaaaaaaaaaaaaaaaaaaaaaaaaaaaaaaaaaaaaaaaaaaaaaaaaaaaaaaaaaaaaaaaaaaaaaaaaaaaaaaaaaaaaaaaaaaaaaaaaaaaaaaaaaaaaaaaaaaaaaaaaaaaaaaaa)
2025-02-20T09:40:12.318+09:00 DEBUG 86045 --- [demo] [    Test worker] c.u.c.l.d.controller.UserControllerTest  : requestJson: {offset=0, limit=1, word=, email=aaaaaaaaaaaaaaaaaaaaaaaaaaaaaaaaaaaaaaaaaaaaaaaaaaaaaaaaaaaaaaaaaaaaaaaaaaaaaaaaaaaaaaaaaaaaaaaaaaaaaaaaaaaaaaaaaaaaaaaaaaaaaaaaaaaaaaaaaaaaaaaaaaaaaaaaaaaaaaaaaaaaaaaaaaaaaaaaaaaaaaaaaaaaaaaaaaaaaaaaaaaaaaaaaaaaaaaaaaaaaaaaaaaaaaaaaaaaaaaaaaaaaaaaaaaaaaaaaaaaaaaaaaaaaaaaaaaaaaaaaaaaaaaaaaaaaaaaaaaaaaaaaaaaaaaaaaaaaaaaaaaaaaaaaaaaaaaaaaaaaaaaaaaaaaaaaaaaaaaaaaaaaaaaaaaaaaaaaaaaaaaaaaaaaaaaaaaaaaaaaaaaaaaaaaaaaaaaaaaaaaaaaaaaaaaaaaaaaaaaaaaaaaaaaaaaaaaaaaaaaaaaaaaaaaaaaaaaaaaaaaaaaaaaaaaaaaaaaaaaaaaaaaaaaaaaaaaaaaaaaaaaaaaaaaaaaaaaaaaaaaaaaaaaaaaaaaaaaaaaaaaaaaaaaaaaaaaaaaaaaaaaaaaaaaaaaaaaaaaaaaaaaaaaaaaaaaaaaaaaaaaaaaaaaaaaaaaaaaaaaaaaaaaaaaaaaaaaaaaaaaaaaaaaaaaaaaaaaaaaaaaaaaaaaaaaaaaaaaaaaaaaaaaaaaaaaaaaaaaaaaaaaaaaaaaaaaaaaaaaaaaaaaaaaaaaaaaaaaaaaaaaaaaaaaaaaaaaaaaaaaaaaaaaaaaaaaaaaaaaaaaaaaaaaaaaaaaaaaaaaaaaaaaaaaaaaaaaaaaaaaaaaaaaaaaaaaaaaaaaaaaaaaaaaaaaaaaaaaaaaaaaaaaaaaaaaaaaaaaaaaaaaaaaaaaaaaaaaaaaaaaaaaaaaaaaaaaaaaaaaaaaaaaaaaaaaaaaaaaaaaaaaaaaaaaaaaaaaaaaaaaaaaaaaaaaaaaaaaaaaaaaaaaaaaaaaaaaaaaaaaaaa}
2025-02-20T09:40:12.325+09:00 DEBUG 86045 --- [demo] [    Test worker] c.u.c.l.d.controller.UserControllerTest  : requestJson: {offset=0, limit=1, word=validWord, email=validEmail}
]]></system-out>
  <system-err><![CDATA[Mockito is currently self-attaching to enable the inline-mock-maker. This will no longer work in future releases of the JDK. Please add Mockito as an agent to your build what is described in Mockito's documentation: https://javadoc.io/doc/org.mockito/mockito-core/latest/org/mockito/Mockito.html#0.3
WARNING: A Java agent has been loaded dynamically (/Users/ittetsu.sato/.gradle/caches/modules-2/files-2.1/net.bytebuddy/byte-buddy-agent/1.15.11/a38b16385e867f59a641330f0362ebe742788ed8/byte-buddy-agent-1.15.11.jar)
WARNING: If a serviceability tool is in use, please run with -XX:+EnableDynamicAgentLoading to hide this warning
WARNING: If a serviceability tool is not in use, please run with -Djdk.instrument.traceUsage for more information
WARNING: Dynamic loading of agents will be disallowed by default in a future release
]]></system-err>
</testsuite>
